
开始解析第1页数据
https://xyq.cbg.163.com/equip?s=215&eid=201810141600113-215-VFRD0AKXO8CT&o&equip_refer=1-------https://recommd.xyq.cbg.163.com/cgi-bin/recommend.py?callback=Request.JSONP.request_map.request_2&_=1542589573409&act=recommd_by_role&page=1&order_by=price%20ASC&skill_num=4&skill=301,304,316,325,&level_min=119&level_max=119&count=1&search_type=overall_search_pet&view_loc=overall_search
https://xyq.cbg.163.com/equip?s=215&eid=201810141600113-215-VFRD0AKXO8CT&o&equip_refer=1-------https://recommd.xyq.cbg.163.com/cgi-bin/recommend.py?callback=Request.JSONP.request_map.request_2&_=1542589573409&act=recommd_by_role&page=1&order_by=price%20ASC&skill_num=7&skill=318,428,308,510,424,311,575,&level_min=119&level_max=119&count=1&search_type=overall_search_pet&view_loc=overall_search
https://xyq.cbg.163.com/equip?s=12&eid=201809181000113-12-EJIKU9VCUO14S&o&equip_refer=1-------https://recommd.xyq.cbg.163.com/cgi-bin/recommend.py?callback=Request.JSONP.request_map.request_2&_=1542589573409&act=recommd_by_role&page=1&order_by=price%20ASC&skill_num=6&skill=304,325,301,595,308,316,&level_min=119&level_max=119&count=1&search_type=overall_search_pet&view_loc=overall_search
https://xyq.cbg.163.com/equip?s=661&eid=201811220900113-661-SWKHYOW66GG0&o&equip_refer=1-------https://recommd.xyq.cbg.163.com/cgi-bin/recommend.py?callback=Request.JSONP.request_map.request_2&_=1542589573409&act=recommd_by_role&page=1&order_by=price%20ASC&skill_num=6&skill=315,309,577,424,573,427,&level_min=119&level_max=119&count=1&search_type=overall_search_pet&view_loc=overall_search
https://xyq.cbg.163.com/equip?s=661&eid=201811220900113-661-SWKHYOW66GG0&o&equip_refer=1-------https://recommd.xyq.cbg.163.com/cgi-bin/recommend.py?callback=Request.JSONP.request_map.request_2&_=1542589573409&act=recommd_by_role&page=1&order_by=price%20ASC&skill_num=9&skill=315,417,577,661,309,424,578,573,427,&level_min=65&level_max=119&count=1&search_type=overall_search_pet&view_loc=overall_search
https://xyq.cbg.163.com/equip?s=407&eid=201810281000113-407-BJNZCAHJQBJG&o&equip_refer=1-------https://recommd.xyq.cbg.163.com/cgi-bin/recommend.py?callback=Request.JSONP.request_map.request_2&_=1542589573409&act=recommd_by_role&page=1&order_by=price%20ASC&skill_num=8&skill=573,661,578,324,577,408,428,411,&level_min=119&level_max=119&count=1&search_type=overall_search_pet&view_loc=overall_search
https://xyq.cbg.163.com/equip?s=407&eid=201810281000113-407-BJNZCAHJQBJG&o&equip_refer=1-------https://recommd.xyq.cbg.163.com/cgi-bin/recommend.py?callback=Request.JSONP.request_map.request_2&_=1542589573409&act=recommd_by_role&page=1&order_by=price%20ASC&skill_num=8&skill=434,401,404,416,408,425,405,411,&level_min=119&level_max=119&count=1&search_type=overall_search_pet&view_loc=overall_search
https://xyq.cbg.163.com/equip?s=407&eid=201810281000113-407-BJNZCAHJQBJG&o&equip_refer=1-------https://recommd.xyq.cbg.163.com/cgi-bin/recommend.py?callback=Request.JSONP.request_map.request_2&_=1542589573409&act=recommd_by_role&page=1&order_by=price%20ASC&skill_num=8&skill=571,401,417,404,403,416,408,425,&level_min=119&level_max=119&count=1&search_type=overall_search_pet&view_loc=overall_search
https://xyq.cbg.163.com/equip?s=407&eid=201810281000113-407-BJNZCAHJQBJG&o&equip_refer=1-------https://recommd.xyq.cbg.163.com/cgi-bin/recommend.py?callback=Request.JSONP.request_map.request_2&_=1542589573409&act=recommd_by_role&page=1&order_by=price%20ASC&skill_num=6&skill=401,404,416,405,551,411,&level_min=119&level_max=119&count=1&search_type=overall_search_pet&view_loc=overall_search
https://xyq.cbg.163.com/equip?s=412&eid=201811151200113-412-OAXPAYLCMOTO&o&equip_refer=1-------https://recommd.xyq.cbg.163.com/cgi-bin/recommend.py?callback=Request.JSONP.request_map.request_2&_=1542589573409&act=recommd_by_role&page=1&order_by=price%20ASC&skill_num=7&skill=576,510,308,428,424,575,324,&level_min=119&level_max=119&count=1&search_type=overall_search_pet&view_loc=overall_search
https://xyq.cbg.163.com/equip?s=412&eid=201811151200113-412-OAXPAYLCMOTO&o&equip_refer=1-------https://recommd.xyq.cbg.163.com/cgi-bin/recommend.py?callback=Request.JSONP.request_map.request_2&_=1542589573409&act=recommd_by_role&page=1&order_by=price%20ASC&skill_num=6&skill=426,578,577,661,573,424,&level_min=119&level_max=119&count=1&search_type=overall_search_pet&view_loc=overall_search
https://xyq.cbg.163.com/equip?s=730&eid=201811232100113-730-4B3HCPUTXGZ4&o&equip_refer=1-------https://recommd.xyq.cbg.163.com/cgi-bin/recommend.py?callback=Request.JSONP.request_map.request_2&_=1542589573409&act=recommd_by_role&page=1&order_by=price%20ASC&skill_num=5&skill=510,661,575,324,426,&level_min=119&level_max=119&count=1&search_type=overall_search_pet&view_loc=overall_search
https://xyq.cbg.163.com/equip?s=730&eid=201811232100113-730-4B3HCPUTXGZ4&o&equip_refer=1-------https://recommd.xyq.cbg.163.com/cgi-bin/recommend.py?callback=Request.JSONP.request_map.request_2&_=1542589573409&act=recommd_by_role&page=1&order_by=price%20ASC&skill_num=4&skill=305,304,301,325,&level_min=119&level_max=119&count=1&search_type=overall_search_pet&view_loc=overall_search
https://xyq.cbg.163.com/equip?s=149&eid=201810311800113-149-94ODHIZEPRVP&o&equip_refer=1-------https://recommd.xyq.cbg.163.com/cgi-bin/recommend.py?callback=Request.JSONP.request_map.request_2&_=1542589573409&act=recommd_by_role&page=1&order_by=price%20ASC&skill_num=8&skill=324,424,573,661,578,426,640,577,&level_min=119&level_max=119&count=1&search_type=overall_search_pet&view_loc=overall_search
https://xyq.cbg.163.com/equip?s=149&eid=201810311800113-149-94ODHIZEPRVP&o&equip_refer=1-------https://recommd.xyq.cbg.163.com/cgi-bin/recommend.py?callback=Request.JSONP.request_map.request_2&_=1542589573409&act=recommd_by_role&page=1&order_by=price%20ASC&skill_num=7&skill=416,411,404,401,405,425,403,&level_min=119&level_max=119&count=1&search_type=overall_search_pet&view_loc=overall_search
https://xyq.cbg.163.com/equip?s=101&eid=201811041000113-101-8TWAHMIFJPGA&o&equip_refer=1-------https://recommd.xyq.cbg.163.com/cgi-bin/recommend.py?callback=Request.JSONP.request_map.request_2&_=1542589573409&act=recommd_by_role&page=1&order_by=price%20ASC&skill_num=6&skill=661,510,324,426,575,313,&level_min=119&level_max=119&count=1&search_type=overall_search_pet&view_loc=overall_search
https://xyq.cbg.163.com/equip?s=84&eid=201809051300113-84-YUJOD7VKEVNUK&o&equip_refer=1-------https://recommd.xyq.cbg.163.com/cgi-bin/recommend.py?callback=Request.JSONP.request_map.request_2&_=1542589573409&act=recommd_by_role&page=1&order_by=price%20ASC&skill_num=4&skill=304,554,301,412,&level_min=119&level_max=119&count=1&search_type=overall_search_pet&view_loc=overall_search
https://xyq.cbg.163.com/equip?s=84&eid=201809051300113-84-YUJOD7VKEVNUK&o&equip_refer=1-------https://recommd.xyq.cbg.163.com/cgi-bin/recommend.py?callback=Request.JSONP.request_map.request_2&_=1542589573409&act=recommd_by_role&page=1&order_by=price%20ASC&skill_num=3&skill=571,301,412,&level_min=119&level_max=119&count=1&search_type=overall_search_pet&view_loc=overall_search
https://xyq.cbg.163.com/equip?s=84&eid=201809051300113-84-YUJOD7VKEVNUK&o&equip_refer=1-------https://recommd.xyq.cbg.163.com/cgi-bin/recommend.py?callback=Request.JSONP.request_map.request_2&_=1542589573409&act=recommd_by_role&page=1&order_by=price%20ASC&skill_num=6&skill=510,661,324,429,576,575,&level_min=118&level_max=119&count=1&search_type=overall_search_pet&view_loc=overall_search
https://xyq.cbg.163.com/equip?s=84&eid=201809051300113-84-YUJOD7VKEVNUK&o&equip_refer=1-------https://recommd.xyq.cbg.163.com/cgi-bin/recommend.py?callback=Request.JSONP.request_map.request_2&_=1542589573409&act=recommd_by_role&page=1&order_by=price%20ASC&skill_num=6&skill=325,316,304,554,317,301,&level_min=119&level_max=119&count=1&search_type=overall_search_pet&view_loc=overall_search
https://xyq.cbg.163.com/equip?s=84&eid=201809051300113-84-YUJOD7VKEVNUK&o&equip_refer=1-------https://recommd.xyq.cbg.163.com/cgi-bin/recommend.py?callback=Request.JSONP.request_map.request_2&_=1542589573409&act=recommd_by_role&page=1&order_by=price%20ASC&skill_num=6&skill=411,571,313,304,301,628,&level_min=119&level_max=119&count=1&search_type=overall_search_pet&view_loc=overall_search
https://xyq.cbg.163.com/equip?s=730&eid=201811232000113-730-7RZSPC7O7SPR&o&equip_refer=1-------https://recommd.xyq.cbg.163.com/cgi-bin/recommend.py?callback=Request.JSONP.request_map.request_2&_=1542589573409&act=recommd_by_role&page=1&order_by=price%20ASC&skill_num=5&skill=305,316,304,301,325,&level_min=119&level_max=119&count=1&search_type=overall_search_pet&view_loc=overall_search
https://xyq.cbg.163.com/equip?s=730&eid=201811232000113-730-7RZSPC7O7SPR&o&equip_refer=1-------https://recommd.xyq.cbg.163.com/cgi-bin/recommend.py?callback=Request.JSONP.request_map.request_2&_=1542589573409&act=recommd_by_role&page=1&order_by=price%20ASC&skill_num=5&skill=576,510,661,429,575,&level_min=119&level_max=119&count=1&search_type=overall_search_pet&view_loc=overall_search
https://xyq.cbg.163.com/equip?s=730&eid=201811232000113-730-7RZSPC7O7SPR&o&equip_refer=1-------https://recommd.xyq.cbg.163.com/cgi-bin/recommend.py?callback=Request.JSONP.request_map.request_2&_=1542589573409&act=recommd_by_role&page=1&order_by=price%20ASC&skill_num=6&skill=304,425,301,571,308,416,&level_min=119&level_max=119&count=1&search_type=overall_search_pet&view_loc=overall_search
https://xyq.cbg.163.com/equip?s=699&eid=201811052300113-699-HIPTL8FIRNIO&o&equip_refer=1-------https://recommd.xyq.cbg.163.com/cgi-bin/recommend.py?callback=Request.JSONP.request_map.request_2&_=1542589573409&act=recommd_by_role&page=1&order_by=price%20ASC&skill_num=9&skill=405,425,407,401,403,434,422,308,416,&level_min=119&level_max=119&count=1&search_type=overall_search_pet&view_loc=overall_search
https://xyq.cbg.163.com/equip?s=699&eid=201811052300113-699-HIPTL8FIRNIO&o&equip_refer=1-------https://recommd.xyq.cbg.163.com/cgi-bin/recommend.py?callback=Request.JSONP.request_map.request_2&_=1542589573409&act=recommd_by_role&page=1&order_by=price%20ASC&skill_num=7&skill=411,435,401,404,554,416,434,&level_min=119&level_max=119&count=1&search_type=overall_search_pet&view_loc=overall_search
https://xyq.cbg.163.com/equip?s=699&eid=201811052300113-699-HIPTL8FIRNIO&o&equip_refer=1-------https://recommd.xyq.cbg.163.com/cgi-bin/recommend.py?callback=Request.JSONP.request_map.request_2&_=1542589573409&act=recommd_by_role&page=1&order_by=price%20ASC&skill_num=8&skill=405,425,411,401,404,403,416,434,&level_min=119&level_max=119&count=1&search_type=overall_search_pet&view_loc=overall_search
https://xyq.cbg.163.com/equip?s=699&eid=201811052300113-699-HIPTL8FIRNIO&o&equip_refer=1-------https://recommd.xyq.cbg.163.com/cgi-bin/recommend.py?callback=Request.JSONP.request_map.request_2&_=1542589573409&act=recommd_by_role&page=1&order_by=price%20ASC&skill_num=10&skill=661,408,578,328,403,417,577,411,426,424,&level_min=119&level_max=119&count=1&search_type=overall_search_pet&view_loc=overall_search
https://xyq.cbg.163.com/equip?s=699&eid=201811052300113-699-HIPTL8FIRNIO&o&equip_refer=1-------https://recommd.xyq.cbg.163.com/cgi-bin/recommend.py?callback=Request.JSONP.request_map.request_2&_=1542589573409&act=recommd_by_role&page=1&order_by=price%20ASC&skill_num=8&skill=405,425,411,422,401,406,416,434,&level_min=119&level_max=119&count=1&search_type=overall_search_pet&view_loc=overall_search
https://xyq.cbg.163.com/equip?s=699&eid=201811052300113-699-HIPTL8FIRNIO&o&equip_refer=1-------https://recommd.xyq.cbg.163.com/cgi-bin/recommend.py?callback=Request.JSONP.request_map.request_2&_=1542589573409&act=recommd_by_role&page=1&order_by=price%20ASC&skill_num=6&skill=661,577,578,424,573,429,&level_min=119&level_max=119&count=1&search_type=overall_search_pet&view_loc=overall_search
https://xyq.cbg.163.com/equip?s=699&eid=201811052300113-699-HIPTL8FIRNIO&o&equip_refer=1-------https://recommd.xyq.cbg.163.com/cgi-bin/recommend.py?callback=Request.JSONP.request_map.request_2&_=1542589573409&act=recommd_by_role&page=1&order_by=price%20ASC&skill_num=6&skill=595,425,411,435,401,403,&level_min=119&level_max=119&count=1&search_type=overall_search_pet&view_loc=overall_search
https://xyq.cbg.163.com/equip?s=699&eid=201811052300113-699-HIPTL8FIRNIO&o&equip_refer=1-------https://recommd.xyq.cbg.163.com/cgi-bin/recommend.py?callback=Request.JSONP.request_map.request_2&_=1542589573409&act=recommd_by_role&page=1&order_by=price%20ASC&skill_num=5&skill=672,405,411,416,434,&level_min=119&level_max=119&count=1&search_type=overall_search_pet&view_loc=overall_search
https://xyq.cbg.163.com/equip?s=699&eid=201811052300113-699-HIPTL8FIRNIO&o&equip_refer=1-------https://recommd.xyq.cbg.163.com/cgi-bin/recommend.py?callback=Request.JSONP.request_map.request_2&_=1542589573409&act=recommd_by_role&page=1&order_by=price%20ASC&skill_num=8&skill=417,577,411,578,427,424,403,573,&level_min=119&level_max=119&count=1&search_type=overall_search_pet&view_loc=overall_search
https://xyq.cbg.163.com/equip?s=84&eid=201811232000113-84-STABR5S0HEAZC&o&equip_refer=1-------https://recommd.xyq.cbg.163.com/cgi-bin/recommend.py?callback=Request.JSONP.request_map.request_2&_=1542589573409&act=recommd_by_role&page=1&order_by=price%20ASC&skill_num=6&skill=577,424,573,427,661,317,&level_min=119&level_max=119&count=1&search_type=overall_search_pet&view_loc=overall_search
https://xyq.cbg.163.com/equip?s=84&eid=201811232000113-84-STABR5S0HEAZC&o&equip_refer=1-------https://recommd.xyq.cbg.163.com/cgi-bin/recommend.py?callback=Request.JSONP.request_map.request_2&_=1542589573409&act=recommd_by_role&page=1&order_by=price%20ASC&skill_num=5&skill=316,301,325,304,305,&level_min=119&level_max=119&count=1&search_type=overall_search_pet&view_loc=overall_search
*********https://xyq.cbg.163.com/equip?s=215&eid=201810141600113-215-VFRD0AKXO8CT&o&equip_refer=1
*********https://xyq.cbg.163.com/equip?s=407&eid=201810281000113-407-BJNZCAHJQBJG&o&equip_refer=1
*********https://xyq.cbg.163.com/equip?s=407&eid=201810281000113-407-BJNZCAHJQBJG&o&equip_refer=1
*********https://xyq.cbg.163.com/equip?s=407&eid=201810281000113-407-BJNZCAHJQBJG&o&equip_refer=1
*********https://xyq.cbg.163.com/equip?s=412&eid=201811151200113-412-OAXPAYLCMOTO&o&equip_refer=1
*********https://xyq.cbg.163.com/equip?s=412&eid=201811151200113-412-OAXPAYLCMOTO&o&equip_refer=1
*********https://xyq.cbg.163.com/equip?s=661&eid=201811220900113-661-SWKHYOW66GG0&o&equip_refer=1
*********https://xyq.cbg.163.com/equip?s=407&eid=201810281000113-407-BJNZCAHJQBJG&o&equip_refer=1
*********https://xyq.cbg.163.com/equip?s=101&eid=201811041000113-101-8TWAHMIFJPGA&o&equip_refer=1
*********https://xyq.cbg.163.com/equip?s=730&eid=201811232100113-730-4B3HCPUTXGZ4&o&equip_refer=1
*********https://xyq.cbg.163.com/equip?s=215&eid=201810141600113-215-VFRD0AKXO8CT&o&equip_refer=1
*********https://xyq.cbg.163.com/equip?s=149&eid=201810311800113-149-94ODHIZEPRVP&o&equip_refer=1
*********https://xyq.cbg.163.com/equip?s=84&eid=201811232000113-84-STABR5S0HEAZC&o&equip_refer=1
*********https://xyq.cbg.163.com/equip?s=149&eid=201810311800113-149-94ODHIZEPRVP&o&equip_refer=1
*********https://xyq.cbg.163.com/equip?s=699&eid=201811052300113-699-HIPTL8FIRNIO&o&equip_refer=1
*********https://xyq.cbg.163.com/equip?s=699&eid=201811052300113-699-HIPTL8FIRNIO&o&equip_refer=1
*********https://xyq.cbg.163.com/equip?s=699&eid=201811052300113-699-HIPTL8FIRNIO&o&equip_refer=1
*********https://xyq.cbg.163.com/equip?s=84&eid=201809051300113-84-YUJOD7VKEVNUK&o&equip_refer=1
*********https://xyq.cbg.163.com/equip?s=699&eid=201811052300113-699-HIPTL8FIRNIO&o&equip_refer=1
*********https://xyq.cbg.163.com/equip?s=12&eid=201809181000113-12-EJIKU9VCUO14S&o&equip_refer=1
*********https://xyq.cbg.163.com/equip?s=730&eid=201811232100113-730-4B3HCPUTXGZ4&o&equip_refer=1
*********https://xyq.cbg.163.com/equip?s=730&eid=201811232000113-730-7RZSPC7O7SPR&o&equip_refer=1
*********https://xyq.cbg.163.com/equip?s=730&eid=201811232000113-730-7RZSPC7O7SPR&o&equip_refer=1
*********https://xyq.cbg.163.com/equip?s=699&eid=201811052300113-699-HIPTL8FIRNIO&o&equip_refer=1
*********https://xyq.cbg.163.com/equip?s=699&eid=201811052300113-699-HIPTL8FIRNIO&o&equip_refer=1
*********https://xyq.cbg.163.com/equip?s=699&eid=201811052300113-699-HIPTL8FIRNIO&o&equip_refer=1
*********https://xyq.cbg.163.com/equip?s=699&eid=201811052300113-699-HIPTL8FIRNIO&o&equip_refer=1
*********https://xyq.cbg.163.com/equip?s=730&eid=201811232000113-730-7RZSPC7O7SPR&o&equip_refer=1
*********https://xyq.cbg.163.com/equip?s=699&eid=201811052300113-699-HIPTL8FIRNIO&o&equip_refer=1
*********https://xyq.cbg.163.com/equip?s=84&eid=201809051300113-84-YUJOD7VKEVNUK&o&equip_refer=1
*********https://xyq.cbg.163.com/equip?s=84&eid=201809051300113-84-YUJOD7VKEVNUK&o&equip_refer=1
*********https://xyq.cbg.163.com/equip?s=84&eid=201811232000113-84-STABR5S0HEAZC&o&equip_refer=1
*********https://xyq.cbg.163.com/equip?s=84&eid=201809051300113-84-YUJOD7VKEVNUK&o&equip_refer=1
*********https://xyq.cbg.163.com/equip?s=84&eid=201809051300113-84-YUJOD7VKEVNUK&o&equip_refer=1
*********https://xyq.cbg.163.com/equip?s=661&eid=201811220900113-661-SWKHYOW66GG0&o&equip_refer=1

开始解析第1页数据

开始解析第1页数据

开始解析第1页数据

开始解析第1页数据

开始解析第1页数据
